<?xml version="1.0" encoding="UTF-8"?>
<!-- Generated by org.testng.reporters.JUnitXMLReporter -->
<testsuite ignored="2" hostname="DESKTOP-MFFIQLV" failures="0" tests="7" name="smokeAndadhoc" time="0.22" errors="0" timestamp="2023-03-24T13:54:06 IST">
  <testcase classname="learntestng.ClassB" name="nameA" time="0.024"/>
  <testcase classname="learntestng.ClassB" name="nameB" time="0.006"/>
  <testcase classname="learntestng.ClassB" name="nameC" time="0.006"/>
  <testcase classname="learntestng.ClassB" name="nameD" time="0.005"/>
  <testcase classname="learntestng.ClassA" name="nameE" time="0.004"/>
  <testcase classname="learntestng.ClassA" name="nameF" time="0.003"/>
  <testcase classname="learntestng.ClassA" name="nameH" time="0.002"/>
  <testcase classname="learntestng.ClassA" name="nameI" time="0.0">
    <ignored/>
  </testcase> <!-- nameI -->
  <testcase classname="learntestng.ClassA" name="nameG" time="0.0">
    <ignored/>
  </testcase> <!-- nameG -->
</testsuite> <!-- smokeAndadhoc -->
