<?xml version="1.0" encoding="UTF-8"?>
<testng-results ignored="0" total="1" passed="1" failed="0" skipped="0">
  <reporter-output>
  </reporter-output>
  <suite started-at="2025-02-21T10:52:12 IST" name="Default suite" finished-at="2025-02-21T10:52:21 IST" duration-ms="9315">
    <groups>
    </groups>
    <test started-at="2025-02-21T10:52:12 IST" name="Default test" finished-at="2025-02-21T10:52:21 IST" duration-ms="9315">
      <class name="task.task_selenium.login">
        <test-method signature="automateLogin()[pri:0, instance:task.task_selenium.login@77fbd92c]" started-at="2025-02-21T10:52:12 IST" name="automateLogin" finished-at="2025-02-21T10:52:21 IST" duration-ms="9296" status="PASS">
          <reporter-output>
          </reporter-output>
        </test-method> <!-- automateLogin -->
      </class> <!-- task.task_selenium.login -->
    </test> <!-- Default test -->
  </suite> <!-- Default suite -->
</testng-results>
