<?xml version="1.0" encoding="UTF-8"?>
<!-- Generated by org.testng.reporters.JUnitXMLReporter -->
<testsuite ignored="0" hostname="Laliths-MacBook-Air.local" failures="0" tests="2" name="Default test" time="9.003" errors="0" timestamp="2025-01-07T16:44:39 IST">
  <testcase classname="selenium.io.ShoppersStackAutomation.SSAutomation" name="logintoshopperstack" time="6.946"/>
  <testcase classname="selenium.io.ShoppersStackAutomation.SSAutomation" name="getMenuList" time="0.066"/>
</testsuite> <!-- Default test -->
