<?xml version="1.0" encoding="UTF-8"?>
<!-- Generated by org.testng.reporters.JUnitXMLReporter -->
<testsuite ignored="5" hostname="DESKTOP-MFFIQLV" failures="0" tests="1" name="Default test" time="11.267" errors="0" timestamp="2023-04-01T13:46:08 IST">
  <testcase classname="handlingpopups.Popups" name="fileUploadPopup" time="0.113"/>
  <testcase classname="handlingpopups.Popups" name="alertConfirmation" time="0.0">
    <ignored/>
  </testcase> <!-- alertConfirmation -->
  <testcase classname="handlingpopups.Popups" name="promptPopup" time="0.0">
    <ignored/>
  </testcase> <!-- promptPopup -->
  <testcase classname="handlingpopups.Popups" name="hiddenDivisionPopup" time="0.0">
    <ignored/>
  </testcase> <!-- hiddenDivisionPopup -->
  <testcase classname="handlingpopups.Popups" name="notificationPopup" time="0.0">
    <ignored/>
  </testcase> <!-- notificationPopup -->
  <testcase classname="handlingpopups.Popups" name="fileDownLoadPopup" time="0.0">
    <ignored/>
  </testcase> <!-- fileDownLoadPopup -->
</testsuite> <!-- Default test -->
