<?xml version="1.0" encoding="UTF-8"?>
<testng-results ignored="5" total="6" passed="1" failed="0" skipped="0">
  <reporter-output>
  </reporter-output>
  <suite started-at="2023-04-01T13:45:57 IST" name="Default suite" finished-at="2023-04-01T13:46:08 IST" duration-ms="11267">
    <groups>
    </groups>
    <test started-at="2023-04-01T13:45:57 IST" name="Default test" finished-at="2023-04-01T13:46:08 IST" duration-ms="11267">
      <class name="handlingpopups.Popups">
        <test-method is-config="true" signature="configBeforeMethod()[pri:0, instance:handlingpopups.Popups@c8c12ac]" started-at="2023-04-01T13:45:57 IST" name="configBeforeMethod" finished-at="2023-04-01T13:46:08 IST" duration-ms="11041" status="PASS">
          <reporter-output>
          </reporter-output>
        </test-method> <!-- configBeforeMethod -->
        <test-method signature="fileUploadPopup()[pri:0, instance:handlingpopups.Popups@c8c12ac]" started-at="2023-04-01T13:46:08 IST" name="fileUploadPopup" finished-at="2023-04-01T13:46:08 IST" duration-ms="113" status="PASS">
          <reporter-output>
          </reporter-output>
        </test-method> <!-- fileUploadPopup -->
      </class> <!-- handlingpopups.Popups -->
    </test> <!-- Default test -->
  </suite> <!-- Default suite -->
</testng-results>
