<?xml version="1.0" encoding="UTF-8"?>
<!-- Generated by org.testng.reporters.JUnitXMLReporter -->
<testsuite ignored="1" hostname="DESKTOP-MFFIQLV" failures="0" tests="8" name="Test" time="0.239" errors="0" timestamp="2023-03-24T13:52:33 IST">
  <testcase classname="learntestng.ClassB" name="nameA" time="0.035"/>
  <testcase classname="learntestng.ClassB" name="nameB" time="0.005"/>
  <testcase classname="learntestng.ClassB" name="nameC" time="0.005"/>
  <testcase classname="learntestng.ClassB" name="nameD" time="0.004"/>
  <testcase classname="learntestng.ClassA" name="nameE" time="0.002"/>
  <testcase classname="learntestng.ClassA" name="nameF" time="0.005"/>
  <testcase classname="learntestng.ClassA" name="nameG" time="0.01"/>
  <testcase classname="learntestng.ClassA" name="nameH" time="0.005"/>
  <testcase classname="learntestng.ClassA" name="nameI" time="0.0">
    <ignored/>
  </testcase> <!-- nameI -->
</testsuite> <!-- Test -->
