<?xml version="1.0" encoding="UTF-8"?>
<testng-results ignored="0" total="2" passed="2" failed="0" skipped="0">
  <reporter-output>
  </reporter-output>
  <suite started-at="2025-01-07T16:44:25 IST" name="Default suite" finished-at="2025-01-07T16:44:34 IST" duration-ms="9003">
    <groups>
    </groups>
    <test started-at="2025-01-07T16:44:25 IST" name="Default test" finished-at="2025-01-07T16:44:34 IST" duration-ms="9003">
      <class name="selenium.io.ShoppersStackAutomation.SSAutomation">
        <test-method is-config="true" signature="BrowserConfigure()[pri:0, instance:selenium.io.ShoppersStackAutomation.SSAutomation@52bf72b5]" started-at="2025-01-07T16:44:25 IST" name="BrowserConfigure" finished-at="2025-01-07T16:44:27 IST" duration-ms="1858" status="PASS">
          <reporter-output>
          </reporter-output>
        </test-method> <!-- BrowserConfigure -->
        <test-method signature="logintoshopperstack()[pri:1, instance:selenium.io.ShoppersStackAutomation.SSAutomation@52bf72b5]" started-at="2025-01-07T16:44:27 IST" name="logintoshopperstack" finished-at="2025-01-07T16:44:34 IST" duration-ms="6946" status="PASS">
          <reporter-output>
          </reporter-output>
        </test-method> <!-- logintoshopperstack -->
        <test-method signature="getMenuList()[pri:2, instance:selenium.io.ShoppersStackAutomation.SSAutomation@52bf72b5]" started-at="2025-01-07T16:44:34 IST" name="getMenuList" finished-at="2025-01-07T16:44:34 IST" duration-ms="66" status="PASS">
          <reporter-output>
          </reporter-output>
        </test-method> <!-- getMenuList -->
        <test-method is-config="true" signature="afterClass()[pri:0, instance:selenium.io.ShoppersStackAutomation.SSAutomation@52bf72b5]" started-at="2025-01-07T16:44:34 IST" name="afterClass" finished-at="2025-01-07T16:44:34 IST" duration-ms="118" status="PASS">
          <reporter-output>
          </reporter-output>
        </test-method> <!-- afterClass -->
      </class> <!-- selenium.io.ShoppersStackAutomation.SSAutomation -->
    </test> <!-- Default test -->
  </suite> <!-- Default suite -->
</testng-results>
