<?xml version="1.0" encoding="UTF-8"?>
<testng-results ignored="0" total="1" passed="0" failed="1" skipped="0">
  <reporter-output>
  </reporter-output>
  <suite started-at="2023-05-31T10:26:04Z" name="Default suite" finished-at="2023-05-31T10:26:37Z" duration-ms="33008">
    <groups>
    </groups>
    <test started-at="2023-05-31T10:26:04Z" name="Default test" finished-at="2023-05-31T10:26:37Z" duration-ms="33008">
      <class name="demo.io.AppiumST.AppiumTest">
        <test-method is-config="true" signature="setUp()[pri:0, instance:demo.io.AppiumST.AppiumTest@648c94da]" started-at="2023-05-31T15:56:04Z" name="setUp" finished-at="2023-05-31T15:56:37Z" duration-ms="32079" status="PASS">
          <reporter-output>
          </reporter-output>
        </test-method> <!-- setUp -->
        <test-method signature="testUntitled()[pri:0, instance:demo.io.AppiumST.AppiumTest@648c94da]" started-at="2023-05-31T15:56:37Z" name="testUntitled" finished-at="2023-05-31T15:56:37Z" duration-ms="59" status="FAIL">
          <exception class="org.openqa.selenium.UnsupportedCommandException">
            <message>
              <![CDATA[Not implemented yet for pageLoad.
Build info: version: '3.12.0', revision: '7c6e0b3', time: '2018-05-08T14:04:26.12Z'
System info: host: 'DESKTOP-3EDCVRR', ip: '10.10.3.138', os.name: 'Windows 10', os.arch: 'amd64', os.version: '10.0', java.version: '17.0.7'
Driver info: io.appium.java_client.android.AndroidDriver
Capabilities {appActivity: .MainActivity, appPackage: com.applever.smartam, databaseEnabled: false, desired: {appActivity: .MainActivity, appPackage: com.applever.smartam, platform: ANDROID, platformName: android, udid: CIHQFUZ989IFFUPZ}, deviceApiLevel: 30, deviceManufacturer: OPPO, deviceModel: CPH2239, deviceName: CIHQFUZ989IFFUPZ, deviceScreenDensity: 320, deviceScreenSize: 720x1600, deviceUDID: CIHQFUZ989IFFUPZ, javascriptEnabled: true, locationContextEnabled: false, networkConnectionEnabled: true, pixelRatio: 2, platform: ANDROID, platformName: Android, platformVersion: 11, statBarHeight: 72, takesScreenshot: true, udid: CIHQFUZ989IFFUPZ, viewportRect: {height: 1456, left: 0, top: 72, width: 720}, warnings: {}, webStorageEnabled: false}
Session ID: 9a2fc0d3-3019-4ac7-ba7e-301b259fd7fb]]>
            </message>
            <full-stacktrace>
              <![CDATA[org.openqa.selenium.UnsupportedCommandException: Not implemented yet for pageLoad.
Build info: version: '3.12.0', revision: '7c6e0b3', time: '2018-05-08T14:04:26.12Z'
System info: host: 'DESKTOP-3EDCVRR', ip: '10.10.3.138', os.name: 'Windows 10', os.arch: 'amd64', os.version: '10.0', java.version: '17.0.7'
Driver info: io.appium.java_client.android.AndroidDriver
Capabilities {appActivity: .MainActivity, appPackage: com.applever.smartam, databaseEnabled: false, desired: {appActivity: .MainActivity, appPackage: com.applever.smartam, platform: ANDROID, platformName: android, udid: CIHQFUZ989IFFUPZ}, deviceApiLevel: 30, deviceManufacturer: OPPO, deviceModel: CPH2239, deviceName: CIHQFUZ989IFFUPZ, deviceScreenDensity: 320, deviceScreenSize: 720x1600, deviceUDID: CIHQFUZ989IFFUPZ, javascriptEnabled: true, locationContextEnabled: false, networkConnectionEnabled: true, pixelRatio: 2, platform: ANDROID, platformName: Android, platformVersion: 11, statBarHeight: 72, takesScreenshot: true, udid: CIHQFUZ989IFFUPZ, viewportRect: {height: 1456, left: 0, top: 72, width: 720}, warnings: {}, webStorageEnabled: false}
Session ID: 9a2fc0d3-3019-4ac7-ba7e-301b259fd7fb
	at java.base/jdk.internal.reflect.NativeConstructorAccessorImpl.newInstance0(Native Method)
	at java.base/jdk.internal.reflect.NativeConstructorAccessorImpl.newInstance(NativeConstructorAccessorImpl.java:77)
	at java.base/jdk.internal.reflect.DelegatingConstructorAccessorImpl.newInstance(DelegatingConstructorAccessorImpl.java:45)
	at java.base/java.lang.reflect.Constructor.newInstanceWithCaller(Constructor.java:499)
	at java.base/java.lang.reflect.Constructor.newInstance(Constructor.java:480)
	at org.openqa.selenium.remote.http.W3CHttpResponseCodec.createException(W3CHttpResponseCodec.java:187)
	at org.openqa.selenium.remote.http.W3CHttpResponseCodec.decode(W3CHttpResponseCodec.java:122)
	at org.openqa.selenium.remote.http.W3CHttpResponseCodec.decode(W3CHttpResponseCodec.java:49)
	at org.openqa.selenium.remote.HttpCommandExecutor.execute(HttpCommandExecutor.java:158)
	at io.appium.java_client.remote.AppiumCommandExecutor.execute(AppiumCommandExecutor.java:231)
	at org.openqa.selenium.remote.RemoteWebDriver.execute(RemoteWebDriver.java:543)
	at io.appium.java_client.DefaultGenericMobileDriver.execute(DefaultGenericMobileDriver.java:42)
	at io.appium.java_client.AppiumDriver.execute(AppiumDriver.java:1)
	at io.appium.java_client.android.AndroidDriver.execute(AndroidDriver.java:1)
	at org.openqa.selenium.remote.RemoteWebDriver$RemoteWebDriverOptions$RemoteTimeouts.pageLoadTimeout(RemoteWebDriver.java:783)
	at demo.io.AppiumST.AppiumTest.testUntitled(AppiumTest.java:37)
	at java.base/jdk.internal.reflect.NativeMethodAccessorImpl.invoke0(Native Method)
	at java.base/jdk.internal.reflect.NativeMethodAccessorImpl.invoke(NativeMethodAccessorImpl.java:77)
	at java.base/jdk.internal.reflect.DelegatingMethodAccessorImpl.invoke(DelegatingMethodAccessorImpl.java:43)
	at java.base/java.lang.reflect.Method.invoke(Method.java:568)
	at org.testng.internal.MethodInvocationHelper.invokeMethod(MethodInvocationHelper.java:104)
	at org.testng.internal.Invoker.invokeMethod(Invoker.java:645)
	at org.testng.internal.Invoker.invokeTestMethod(Invoker.java:851)
	at org.testng.internal.Invoker.invokeTestMethods(Invoker.java:1177)
	at org.testng.internal.TestMethodWorker.invokeTestMethods(TestMethodWorker.java:129)
	at org.testng.internal.TestMethodWorker.run(TestMethodWorker.java:112)
	at org.testng.TestRunner.privateRun(TestRunner.java:756)
	at org.testng.TestRunner.run(TestRunner.java:610)
	at org.testng.SuiteRunner.runTest(SuiteRunner.java:387)
	at org.testng.SuiteRunner.runSequentially(SuiteRunner.java:382)
	at org.testng.SuiteRunner.privateRun(SuiteRunner.java:340)
	at org.testng.SuiteRunner.run(SuiteRunner.java:289)
	at org.testng.SuiteRunnerWorker.runSuite(SuiteRunnerWorker.java:52)
	at org.testng.SuiteRunnerWorker.run(SuiteRunnerWorker.java:86)
	at org.testng.TestNG.runSuitesSequentially(TestNG.java:1293)
	at org.testng.TestNG.runSuitesLocally(TestNG.java:1218)
	at org.testng.TestNG.runSuites(TestNG.java:1133)
	at org.testng.TestNG.run(TestNG.java:1104)
	at org.testng.remote.AbstractRemoteTestNG.run(AbstractRemoteTestNG.java:115)
	at org.testng.remote.RemoteTestNG.initAndRun(RemoteTestNG.java:251)
	at org.testng.remote.RemoteTestNG.main(RemoteTestNG.java:77)
]]>
            </full-stacktrace>
          </exception> <!-- org.openqa.selenium.UnsupportedCommandException -->
          <reporter-output>
          </reporter-output>
        </test-method> <!-- testUntitled -->
        <test-method is-config="true" signature="tearDown()[pri:0, instance:demo.io.AppiumST.AppiumTest@648c94da]" started-at="2023-05-31T15:56:37Z" name="tearDown" finished-at="2023-05-31T15:56:37Z" duration-ms="853" status="PASS">
          <reporter-output>
          </reporter-output>
        </test-method> <!-- tearDown -->
      </class> <!-- demo.io.AppiumST.AppiumTest -->
    </test> <!-- Default test -->
  </suite> <!-- Default suite -->
</testng-results>
